<?xml version="1.0" encoding="UTF-8"?>
<!-- Generated by org.testng.reporters.JUnitReportReporter -->
<testsuite skipped="0" hostname="DESKTOP-O6T6SDB" name="HomePageTest" tests="2" failures="0" timestamp="2019-10-07T11:15:53 CDT" time="39.893" errors="0">
  <testcase name="costcoLogoTest" time="15.652" classname="HomePageTest"/>
  <testcase name="costcoTitleTest" time="24.241" classname="HomePageTest"/>
</testsuite> <!-- HomePageTest -->
